d:\proiect poo\sdl_gametemplate\x64\debug\vc142.pdb
d:\proiect poo\sdl_gametemplate\x64\debug\vc142.idb
d:\proiect poo\sdl_gametemplate\x64\debug\texturemanager.obj
d:\proiect poo\sdl_gametemplate\x64\debug\tilesystem.obj
d:\proiect poo\sdl_gametemplate\x64\debug\soundsystem.obj
d:\proiect poo\sdl_gametemplate\x64\debug\scoresystem.obj
d:\proiect poo\sdl_gametemplate\x64\debug\rendersystem.obj
d:\proiect poo\sdl_gametemplate\x64\debug\playersystem.obj
d:\proiect poo\sdl_gametemplate\x64\debug\physicssystem.obj
d:\proiect poo\sdl_gametemplate\x64\debug\mapsystem.obj
d:\proiect poo\sdl_gametemplate\x64\debug\flagsystem.obj
d:\proiect poo\sdl_gametemplate\x64\debug\enemysystem.obj
d:\proiect poo\sdl_gametemplate\x64\debug\editorsystem.obj
d:\proiect poo\sdl_gametemplate\x64\debug\callbacksystem.obj
d:\proiect poo\sdl_gametemplate\x64\debug\animationsystem.obj
d:\proiect poo\sdl_gametemplate\x64\debug\soundmanager.obj
d:\proiect poo\sdl_gametemplate\x64\debug\introscene.obj
d:\proiect poo\sdl_gametemplate\x64\debug\gamescene.obj
d:\proiect poo\sdl_gametemplate\x64\debug\editorscene.obj
d:\proiect poo\sdl_gametemplate\x64\debug\main.obj
d:\proiect poo\sdl_gametemplate\x64\debug\game.obj
d:\proiect poo\sdl_gametemplate\x64\debug\aabb.obj
d:\proiect poo\sdl_gametemplate\x64\debug\sceneplayer.obj
d:\proiect poo\sdl_gametemplate\x64\debug\mainmenusystem.obj
d:\proiect poo\sdl_gametemplate\x64\debug\mainmenuscene.obj
d:\proiect poo\x64\debug\sdl_gametemplate.exe
d:\proiect poo\sdl_gametemplate\x64\debug\sdl_gametemplate.ilk
d:\proiect poo\x64\debug\sdl_gametemplate.pdb
d:\proiect poo\sdl_gametemplate\x64\debug\sdl_gametemplate.tlog\cl.command.1.tlog
d:\proiect poo\sdl_gametemplate\x64\debug\sdl_gametemplate.tlog\cl.read.1.tlog
d:\proiect poo\sdl_gametemplate\x64\debug\sdl_gametemplate.tlog\cl.write.1.tlog
d:\proiect poo\sdl_gametemplate\x64\debug\sdl_gametemplate.tlog\link.command.1.tlog
d:\proiect poo\sdl_gametemplate\x64\debug\sdl_gametemplate.tlog\link.read.1.tlog
d:\proiect poo\sdl_gametemplate\x64\debug\sdl_gametemplate.tlog\link.write.1.tlog
